<?xml version="1.0" encoding="UTF-8"?>
<testsuites name="sign_demo_blaze" time="71.159" tests="2" failures="0" errors="0">
   <testsuite name="sign_demo_blaze" tests="2" failures="0" errors="0" time="71.159" skipped="0" timestamp="2023-12-31 23:19:13" hostname="Dinda - LAPTOP-GEDE" id="Test Suites/Test suite/sign_demo_blaze">
      <properties>
         <property name="deviceName" value=""/>
         <property name="devicePlatform" value=""/>
         <property name="logFolder" value="C:\\Users\\Dinda\\Katalon Studio\\Web Katalon Automation\\Reports\\20231231_231847\\Test suite\\sign_demo_blaze\\20231231_231851"/>
         <property name="logFiles" value="C:\\Users\\Dinda\\Katalon Studio\\Web Katalon Automation\\Reports\\20231231_231847\\Test suite\\sign_demo_blaze\\20231231_231851\\execution0.log"/>
         <property name="attachments" value=""/>
         <property name="hostName" value="Dinda - LAPTOP-GEDE"/>
         <property name="os" value="Windows 10 64bit"/>
         <property name="katalonVersion" value="8.6.8.208"/>
         <property name="browser" value="Chrome 120.0.6099.130"/>
         <property name="hostAddress" value="192.168.56.1"/>
         <property name="sessionId" value="f38eff78b74d21cd554c21f1a8b6712f"/>
         <property name="seleniumVersion" value="3.141.59"/>
         <property name="proxyInformation" value="ProxyInformation { proxyOption=NO_PROXY, proxyServerType=HTTP, username=, password=********, proxyServerAddress=, proxyServerPort=0, executionList=&quot;&quot;, isApplyToDesiredCapabilities=true }"/>
         <property name="platform" value="Windows 10"/>
      </properties>
      <testcase name="Test Cases/sign_up/01_sign_up" time="42.178" classname="Test Cases/sign_up/01_sign_up" status="PASSED">
         <system-out><![CDATA[2023-12-31 23:19:15 - [TEST_CASE][PASSED] - Test Cases/sign_up/01_sign_up: Test Cases/sign_up/01_sign_up

2023-12-31 23:19:19 - [TEST_STEP][PASSED] - openBrowser(""): Browser is opened with url: ''

2023-12-31 23:19:21 - [MESSAGE][INFO] - Starting 'Chrome (headless)' driver

2023-12-31 23:19:21 - [MESSAGE][INFO] - Action delay is set to 0 milliseconds

2023-12-31 23:19:30 - [MESSAGE][PASSED] - Browser is opened with url: ''

2023-12-31 23:19:30 - [TEST_STEP][PASSED] - navigateToUrl("https://www.demoblaze.com/index.html"): Navigate to 'https://www.demoblaze.com/index.html' successfully

2023-12-31 23:19:49 - [MESSAGE][PASSED] - Navigate to 'https://www.demoblaze.com/index.html' successfully

2023-12-31 23:19:49 - [TEST_STEP][PASSED] - click(findTestObject("Object Repository/sign_up/sign_up_page/btn_signUp1")): Object: 'Object Repository/sign_up/sign_up_page/btn_signUp1' is clicked on

2023-12-31 23:19:50 - [MESSAGE][PASSED] - Object: 'Object Repository/sign_up/sign_up_page/btn_signUp1' is clicked on

2023-12-31 23:19:50 - [TEST_STEP][PASSED] - setText(findTestObject("Object Repository/sign_up/sign_up_page/field_username"), username): Text 'test' is set on object 'Object Repository/sign_up/sign_up_page/field_username'

2023-12-31 23:19:53 - [MESSAGE][PASSED] - Text 'test' is set on object 'Object Repository/sign_up/sign_up_page/field_username'

2023-12-31 23:19:53 - [TEST_STEP][PASSED] - setText(findTestObject("Object Repository/sign_up/sign_up_page/field_password"), password): Text 'qwerty123' is set on object 'Object Repository/sign_up/sign_up_page/field_password'

2023-12-31 23:19:54 - [MESSAGE][PASSED] - Text 'qwerty123' is set on object 'Object Repository/sign_up/sign_up_page/field_password'

2023-12-31 23:19:54 - [TEST_STEP][PASSED] - click(findTestObject("Object Repository/sign_up/sign_up_page/btn_SignUp2")): Object: 'Object Repository/sign_up/sign_up_page/btn_SignUp2' is clicked on

2023-12-31 23:19:55 - [MESSAGE][PASSED] - Object: 'Object Repository/sign_up/sign_up_page/btn_SignUp2' is clicked on

2023-12-31 23:19:55 - [TEST_STEP][PASSED] - waitForAlert(0): Alert is present after 30 second(s).

2023-12-31 23:19:55 - [MESSAGE][WARNING] - Timeout '0' is invalid. Using default page load timeout: '30'

2023-12-31 23:19:56 - [MESSAGE][PASSED] - Alert is present after 30 second(s).

2023-12-31 23:19:56 - [TEST_STEP][PASSED] - verifyAlertPresent(0): Alert is present after 30 second(s).

2023-12-31 23:19:56 - [MESSAGE][WARNING] - Timeout '0' is invalid. Using default page load timeout: '30'

2023-12-31 23:19:56 - [MESSAGE][PASSED] - Alert is present after 30 second(s).

2023-12-31 23:19:56 - [TEST_STEP][PASSED] - closeBrowser(): Browser is closed

2023-12-31 23:19:57 - [MESSAGE][PASSED] - Browser is closed]]></system-out>
         <system-err><![CDATA[]]></system-err>
      </testcase>
      <testcase name="Test Cases/sign_in/01_sign_in" time="26.709" classname="Test Cases/sign_in/01_sign_in" status="PASSED">
         <system-out><![CDATA[2023-12-31 23:19:57 - [TEST_CASE][PASSED] - Test Cases/sign_in/01_sign_in: Test Cases/sign_in/01_sign_in

2023-12-31 23:20:00 - [TEST_STEP][PASSED] - openBrowser(""): Browser is opened with url: ''

2023-12-31 23:20:00 - [MESSAGE][INFO] - Starting 'Chrome (headless)' driver

2023-12-31 23:20:00 - [MESSAGE][INFO] - Action delay is set to 0 milliseconds

2023-12-31 23:20:03 - [MESSAGE][PASSED] - Browser is opened with url: ''

2023-12-31 23:20:03 - [TEST_STEP][PASSED] - navigateToUrl("https://www.demoblaze.com/index.html#"): Navigate to 'https://www.demoblaze.com/index.html#' successfully

2023-12-31 23:20:19 - [MESSAGE][PASSED] - Navigate to 'https://www.demoblaze.com/index.html#' successfully

2023-12-31 23:20:19 - [TEST_STEP][PASSED] - click(findTestObject("Object Repository/sign_in/sign_in_page/btn_sign_in")): Object: 'Object Repository/sign_in/sign_in_page/btn_sign_in' is clicked on

2023-12-31 23:20:19 - [MESSAGE][PASSED] - Object: 'Object Repository/sign_in/sign_in_page/btn_sign_in' is clicked on

2023-12-31 23:20:19 - [TEST_STEP][PASSED] - setText(findTestObject("Object Repository/sign_in/sign_in_page/field_username"), username): Text 'test' is set on object 'Object Repository/sign_in/sign_in_page/field_username'

2023-12-31 23:20:21 - [MESSAGE][PASSED] - Text 'test' is set on object 'Object Repository/sign_in/sign_in_page/field_username'

2023-12-31 23:20:21 - [TEST_STEP][PASSED] - setText(findTestObject("Object Repository/sign_in/sign_in_page/field_password"), password): Text 'qwerty123' is set on object 'Object Repository/sign_in/sign_in_page/field_password'

2023-12-31 23:20:22 - [MESSAGE][PASSED] - Text 'qwerty123' is set on object 'Object Repository/sign_in/sign_in_page/field_password'

2023-12-31 23:20:22 - [TEST_STEP][PASSED] - click(findTestObject("Object Repository/sign_in/sign_in_page/button_submit_sign_in")): Object: 'Object Repository/sign_in/sign_in_page/button_submit_sign_in' is clicked on

2023-12-31 23:20:22 - [MESSAGE][PASSED] - Object: 'Object Repository/sign_in/sign_in_page/button_submit_sign_in' is clicked on

2023-12-31 23:20:22 - [TEST_STEP][PASSED] - waitForAlert(0): Alert is present after 30 second(s).

2023-12-31 23:20:22 - [MESSAGE][WARNING] - Timeout '0' is invalid. Using default page load timeout: '30'

2023-12-31 23:20:23 - [MESSAGE][PASSED] - Alert is present after 30 second(s).

2023-12-31 23:20:23 - [TEST_STEP][PASSED] - verifyAlertPresent(0): Alert is present after 30 second(s).

2023-12-31 23:20:23 - [MESSAGE][WARNING] - Timeout '0' is invalid. Using default page load timeout: '30'

2023-12-31 23:20:23 - [MESSAGE][PASSED] - Alert is present after 30 second(s).

2023-12-31 23:20:23 - [TEST_STEP][PASSED] - closeBrowser(): Browser is closed

2023-12-31 23:20:24 - [MESSAGE][PASSED] - Browser is closed]]></system-out>
         <system-err><![CDATA[]]></system-err>
      </testcase>
      <system-out><![CDATA[2023-12-31 23:19:13 - [TEST_SUITE][PASSED] - sign_demo_blaze: Test Cases/sign_in/01_sign_in]]></system-out>
      <system-err><![CDATA[]]></system-err>
   </testsuite>
</testsuites>
