<?xml version="1.0" encoding="UTF-8"?>
<testsuites name="test_demo_blaze_collection" time="108.628" tests="3" failures="0" errors="0">
   <testsuite name="sign_demo_blaze" tests="2" failures="0" errors="0" time="37.913" skipped="0" timestamp="2023-12-31 23:23:11" hostname="Dinda - LAPTOP-GEDE" id="Test Suites/Test suite/sign_demo_blaze">
      <properties>
         <property name="deviceName" value=""/>
         <property name="devicePlatform" value=""/>
         <property name="logFolder" value="C:\\Users\\Dinda\\Katalon Studio\\Web Katalon Automation\\Reports\\20231231_232247\\Test suite\\sign_demo_blaze\\20231231_232250"/>
         <property name="logFiles" value="C:\\Users\\Dinda\\Katalon Studio\\Web Katalon Automation\\Reports\\20231231_232247\\Test suite\\sign_demo_blaze\\20231231_232250\\execution0.log"/>
         <property name="attachments" value=""/>
         <property name="hostName" value="Dinda - LAPTOP-GEDE"/>
         <property name="os" value="Windows 10 64bit"/>
         <property name="katalonVersion" value="8.6.8.208"/>
         <property name="browser" value="Chrome 120.0.6099.130"/>
         <property name="hostAddress" value="192.168.56.1"/>
         <property name="sessionId" value="6d26cc12e70acca2cc0514bd720c9325"/>
         <property name="seleniumVersion" value="3.141.59"/>
         <property name="proxyInformation" value="ProxyInformation { proxyOption=NO_PROXY, proxyServerType=HTTP, username=, password=********, proxyServerAddress=, proxyServerPort=0, executionList=&quot;&quot;, isApplyToDesiredCapabilities=true }"/>
         <property name="platform" value="Windows 10"/>
      </properties>
      <testcase name="Test Cases/sign_up/01_sign_up" time="21.339" classname="Test Cases/sign_up/01_sign_up" status="PASSED">
         <system-out><![CDATA[2023-12-31 23:23:13 - [TEST_CASE][PASSED] - Test Cases/sign_up/01_sign_up: Test Cases/sign_up/01_sign_up

2023-12-31 23:23:15 - [TEST_STEP][PASSED] - openBrowser(""): Browser is opened with url: ''

2023-12-31 23:23:17 - [MESSAGE][INFO] - Starting 'Chrome (headless)' driver

2023-12-31 23:23:17 - [MESSAGE][INFO] - Action delay is set to 0 milliseconds

2023-12-31 23:23:25 - [MESSAGE][PASSED] - Browser is opened with url: ''

2023-12-31 23:23:25 - [TEST_STEP][PASSED] - navigateToUrl("https://www.demoblaze.com/index.html"): Navigate to 'https://www.demoblaze.com/index.html' successfully

2023-12-31 23:23:27 - [MESSAGE][PASSED] - Navigate to 'https://www.demoblaze.com/index.html' successfully

2023-12-31 23:23:27 - [TEST_STEP][PASSED] - click(findTestObject("Object Repository/sign_up/sign_up_page/btn_signUp1")): Object: 'Object Repository/sign_up/sign_up_page/btn_signUp1' is clicked on

2023-12-31 23:23:28 - [MESSAGE][PASSED] - Object: 'Object Repository/sign_up/sign_up_page/btn_signUp1' is clicked on

2023-12-31 23:23:28 - [TEST_STEP][PASSED] - setText(findTestObject("Object Repository/sign_up/sign_up_page/field_username"), username): Text 'test' is set on object 'Object Repository/sign_up/sign_up_page/field_username'

2023-12-31 23:23:30 - [MESSAGE][PASSED] - Text 'test' is set on object 'Object Repository/sign_up/sign_up_page/field_username'

2023-12-31 23:23:30 - [TEST_STEP][PASSED] - setText(findTestObject("Object Repository/sign_up/sign_up_page/field_password"), password): Text 'qwerty123' is set on object 'Object Repository/sign_up/sign_up_page/field_password'

2023-12-31 23:23:31 - [MESSAGE][PASSED] - Text 'qwerty123' is set on object 'Object Repository/sign_up/sign_up_page/field_password'

2023-12-31 23:23:31 - [TEST_STEP][PASSED] - click(findTestObject("Object Repository/sign_up/sign_up_page/btn_SignUp2")): Object: 'Object Repository/sign_up/sign_up_page/btn_SignUp2' is clicked on

2023-12-31 23:23:32 - [MESSAGE][PASSED] - Object: 'Object Repository/sign_up/sign_up_page/btn_SignUp2' is clicked on

2023-12-31 23:23:32 - [TEST_STEP][PASSED] - waitForAlert(0): Alert is present after 30 second(s).

2023-12-31 23:23:32 - [MESSAGE][WARNING] - Timeout '0' is invalid. Using default page load timeout: '30'

2023-12-31 23:23:33 - [MESSAGE][PASSED] - Alert is present after 30 second(s).

2023-12-31 23:23:33 - [TEST_STEP][PASSED] - verifyAlertPresent(0): Alert is present after 30 second(s).

2023-12-31 23:23:33 - [MESSAGE][WARNING] - Timeout '0' is invalid. Using default page load timeout: '30'

2023-12-31 23:23:33 - [MESSAGE][PASSED] - Alert is present after 30 second(s).

2023-12-31 23:23:33 - [TEST_STEP][PASSED] - closeBrowser(): Browser is closed

2023-12-31 23:23:34 - [MESSAGE][PASSED] - Browser is closed]]></system-out>
         <system-err><![CDATA[]]></system-err>
      </testcase>
      <testcase name="Test Cases/sign_in/01_sign_in" time="14.839" classname="Test Cases/sign_in/01_sign_in" status="PASSED">
         <system-out><![CDATA[2023-12-31 23:23:34 - [TEST_CASE][PASSED] - Test Cases/sign_in/01_sign_in: Test Cases/sign_in/01_sign_in

2023-12-31 23:23:36 - [TEST_STEP][PASSED] - openBrowser(""): Browser is opened with url: ''

2023-12-31 23:23:36 - [MESSAGE][INFO] - Starting 'Chrome (headless)' driver

2023-12-31 23:23:36 - [MESSAGE][INFO] - Action delay is set to 0 milliseconds

2023-12-31 23:23:38 - [MESSAGE][PASSED] - Browser is opened with url: ''

2023-12-31 23:23:38 - [TEST_STEP][PASSED] - navigateToUrl("https://www.demoblaze.com/index.html#"): Navigate to 'https://www.demoblaze.com/index.html#' successfully

2023-12-31 23:23:44 - [MESSAGE][PASSED] - Navigate to 'https://www.demoblaze.com/index.html#' successfully

2023-12-31 23:23:44 - [TEST_STEP][PASSED] - click(findTestObject("Object Repository/sign_in/sign_in_page/btn_sign_in")): Object: 'Object Repository/sign_in/sign_in_page/btn_sign_in' is clicked on

2023-12-31 23:23:44 - [MESSAGE][PASSED] - Object: 'Object Repository/sign_in/sign_in_page/btn_sign_in' is clicked on

2023-12-31 23:23:44 - [TEST_STEP][PASSED] - setText(findTestObject("Object Repository/sign_in/sign_in_page/field_username"), username): Text 'test' is set on object 'Object Repository/sign_in/sign_in_page/field_username'

2023-12-31 23:23:45 - [MESSAGE][PASSED] - Text 'test' is set on object 'Object Repository/sign_in/sign_in_page/field_username'

2023-12-31 23:23:45 - [TEST_STEP][PASSED] - setText(findTestObject("Object Repository/sign_in/sign_in_page/field_password"), password): Text 'qwerty123' is set on object 'Object Repository/sign_in/sign_in_page/field_password'

2023-12-31 23:23:46 - [MESSAGE][PASSED] - Text 'qwerty123' is set on object 'Object Repository/sign_in/sign_in_page/field_password'

2023-12-31 23:23:46 - [TEST_STEP][PASSED] - click(findTestObject("Object Repository/sign_in/sign_in_page/button_submit_sign_in")): Object: 'Object Repository/sign_in/sign_in_page/button_submit_sign_in' is clicked on

2023-12-31 23:23:47 - [MESSAGE][PASSED] - Object: 'Object Repository/sign_in/sign_in_page/button_submit_sign_in' is clicked on

2023-12-31 23:23:47 - [TEST_STEP][PASSED] - waitForAlert(0): Alert is present after 30 second(s).

2023-12-31 23:23:47 - [MESSAGE][WARNING] - Timeout '0' is invalid. Using default page load timeout: '30'

2023-12-31 23:23:48 - [MESSAGE][PASSED] - Alert is present after 30 second(s).

2023-12-31 23:23:48 - [TEST_STEP][PASSED] - verifyAlertPresent(0): Alert is present after 30 second(s).

2023-12-31 23:23:48 - [MESSAGE][WARNING] - Timeout '0' is invalid. Using default page load timeout: '30'

2023-12-31 23:23:48 - [MESSAGE][PASSED] - Alert is present after 30 second(s).

2023-12-31 23:23:48 - [TEST_STEP][PASSED] - closeBrowser(): Browser is closed

2023-12-31 23:23:49 - [MESSAGE][PASSED] - Browser is closed]]></system-out>
         <system-err><![CDATA[]]></system-err>
      </testcase>
      <system-out><![CDATA[2023-12-31 23:23:11 - [TEST_SUITE][PASSED] - sign_demo_blaze: Test Cases/sign_in/01_sign_in]]></system-out>
      <system-err><![CDATA[]]></system-err>
   </testsuite>
   <testsuite name="purchase_item_demo_blaze" tests="1" failures="0" errors="0" time="36.654" skipped="0" timestamp="2023-12-31 23:24:06" hostname="Dinda - LAPTOP-GEDE" id="Test Suites/Test suite/purchase_item_demo_blaze">
      <properties>
         <property name="deviceName" value=""/>
         <property name="devicePlatform" value=""/>
         <property name="logFolder" value="C:\\Users\\Dinda\\Katalon Studio\\Web Katalon Automation\\Reports\\20231231_232247\\Test suite\\purchase_item_demo_blaze\\20231231_232254"/>
         <property name="logFiles" value="C:\\Users\\Dinda\\Katalon Studio\\Web Katalon Automation\\Reports\\20231231_232247\\Test suite\\purchase_item_demo_blaze\\20231231_232254\\execution0.log"/>
         <property name="attachments" value=""/>
         <property name="hostName" value="Dinda - LAPTOP-GEDE"/>
         <property name="os" value="Windows 10 64bit"/>
         <property name="katalonVersion" value="8.6.8.208"/>
         <property name="browser" value="Chrome 120.0.6099.130"/>
         <property name="hostAddress" value="192.168.56.1"/>
         <property name="sessionId" value="235be9df3404120554cbb034dca35394"/>
         <property name="seleniumVersion" value="3.141.59"/>
         <property name="proxyInformation" value="ProxyInformation { proxyOption=NO_PROXY, proxyServerType=HTTP, username=, password=********, proxyServerAddress=, proxyServerPort=0, executionList=&quot;&quot;, isApplyToDesiredCapabilities=true }"/>
         <property name="platform" value="Windows 10"/>
      </properties>
      <testcase name="Test Cases/Payment/purchase_item" time="35.009" classname="Test Cases/Payment/purchase_item" status="PASSED">
         <system-out><![CDATA[2023-12-31 23:24:07 - [TEST_CASE][PASSED] - Test Cases/Payment/purchase_item: Test Cases/Payment/purchase_item

2023-12-31 23:24:10 - [TEST_STEP][PASSED] - openBrowser(""): Browser is opened with url: ''

2023-12-31 23:24:12 - [MESSAGE][INFO] - Starting 'Chrome (headless)' driver

2023-12-31 23:24:12 - [MESSAGE][INFO] - Action delay is set to 0 milliseconds

2023-12-31 23:24:20 - [MESSAGE][PASSED] - Browser is opened with url: ''

2023-12-31 23:24:20 - [TEST_STEP][PASSED] - navigateToUrl("https://www.demoblaze.com/index.html"): Navigate to 'https://www.demoblaze.com/index.html' successfully

2023-12-31 23:24:23 - [MESSAGE][PASSED] - Navigate to 'https://www.demoblaze.com/index.html' successfully

2023-12-31 23:24:23 - [TEST_STEP][PASSED] - click(findTestObject("Object Repository/purchase_item/purchase_item_page/btn_cart")): Object: 'Object Repository/purchase_item/purchase_item_page/btn_cart' is clicked on

2023-12-31 23:24:27 - [MESSAGE][PASSED] - Object: 'Object Repository/purchase_item/purchase_item_page/btn_cart' is clicked on

2023-12-31 23:24:27 - [TEST_STEP][PASSED] - click(findTestObject("Object Repository/purchase_item/purchase_item_page/btn_place_order")): Object: 'Object Repository/purchase_item/purchase_item_page/btn_place_order' is clicked on

2023-12-31 23:24:28 - [MESSAGE][PASSED] - Object: 'Object Repository/purchase_item/purchase_item_page/btn_place_order' is clicked on

2023-12-31 23:24:28 - [TEST_STEP][PASSED] - setText(findTestObject("purchase_item/purchase_item_page/field_name"), name): Text 'gav' is set on object 'Object Repository/purchase_item/purchase_item_page/field_name'

2023-12-31 23:24:30 - [MESSAGE][PASSED] - Text 'gav' is set on object 'Object Repository/purchase_item/purchase_item_page/field_name'

2023-12-31 23:24:30 - [TEST_STEP][PASSED] - setText(findTestObject("Object Repository/purchase_item/purchase_item_page/field_country"), country): Text 'Indonesia' is set on object 'Object Repository/purchase_item/purchase_item_page/field_country'

2023-12-31 23:24:31 - [MESSAGE][PASSED] - Text 'Indonesia' is set on object 'Object Repository/purchase_item/purchase_item_page/field_country'

2023-12-31 23:24:31 - [TEST_STEP][PASSED] - setText(findTestObject("Object Repository/purchase_item/purchase_item_page/field_city"), city): Text 'Jakarta' is set on object 'Object Repository/purchase_item/purchase_item_page/field_city'

2023-12-31 23:24:32 - [MESSAGE][PASSED] - Text 'Jakarta' is set on object 'Object Repository/purchase_item/purchase_item_page/field_city'

2023-12-31 23:24:32 - [TEST_STEP][PASSED] - setText(findTestObject("Object Repository/purchase_item/purchase_item_page/field_credit_card"), credit_card): Text '0827829' is set on object 'Object Repository/purchase_item/purchase_item_page/field_credit_card'

2023-12-31 23:24:34 - [MESSAGE][PASSED] - Text '0827829' is set on object 'Object Repository/purchase_item/purchase_item_page/field_credit_card'

2023-12-31 23:24:34 - [TEST_STEP][PASSED] - setText(findTestObject("Object Repository/purchase_item/purchase_item_page/field_month"), month): Text '12' is set on object 'Object Repository/purchase_item/purchase_item_page/field_month'

2023-12-31 23:24:36 - [MESSAGE][PASSED] - Text '12' is set on object 'Object Repository/purchase_item/purchase_item_page/field_month'

2023-12-31 23:24:36 - [TEST_STEP][PASSED] - setText(findTestObject("Object Repository/purchase_item/purchase_item_page/field_year"), year): Text '2023' is set on object 'Object Repository/purchase_item/purchase_item_page/field_year'

2023-12-31 23:24:37 - [MESSAGE][PASSED] - Text '2023' is set on object 'Object Repository/purchase_item/purchase_item_page/field_year'

2023-12-31 23:24:37 - [TEST_STEP][PASSED] - click(findTestObject("Object Repository/purchase_item/purchase_item_page/btn_purchase")): Object: 'Object Repository/purchase_item/purchase_item_page/btn_purchase' is clicked on

2023-12-31 23:24:38 - [MESSAGE][PASSED] - Object: 'Object Repository/purchase_item/purchase_item_page/btn_purchase' is clicked on

2023-12-31 23:24:38 - [TEST_STEP][PASSED] - click(findTestObject("Object Repository/purchase_item/purchase_item_page/title_thank_you_for_your_purchase")): Object: 'Object Repository/purchase_item/purchase_item_page/title_thank_you_for_your_purchase' is clicked on

2023-12-31 23:24:39 - [MESSAGE][PASSED] - Object: 'Object Repository/purchase_item/purchase_item_page/title_thank_you_for_your_purchase' is clicked on

2023-12-31 23:24:39 - [TEST_STEP][PASSED] - click(findTestObject("Object Repository/purchase_item/purchase_item_page/btn_ok")): Object: 'Object Repository/purchase_item/purchase_item_page/btn_ok' is clicked on

2023-12-31 23:24:41 - [MESSAGE][PASSED] - Object: 'Object Repository/purchase_item/purchase_item_page/btn_ok' is clicked on

2023-12-31 23:24:41 - [TEST_STEP][PASSED] - closeBrowser(): Browser is closed

2023-12-31 23:24:42 - [MESSAGE][PASSED] - Browser is closed]]></system-out>
         <system-err><![CDATA[]]></system-err>
      </testcase>
      <system-out><![CDATA[2023-12-31 23:24:06 - [TEST_SUITE][PASSED] - purchase_item_demo_blaze: Test Cases/Payment/purchase_item]]></system-out>
      <system-err><![CDATA[]]></system-err>
   </testsuite>
</testsuites>
